							1998							
               JAN               	               MAY               	               SEP               
Sun  Mon  Tue  Wed  Thu  Fri  Sat	Sun  Mon  Tue  Wed  Thu  Fri  Sat	Sun  Mon  Tue  Wed  Thu  Fri  Sat
                      1    2    3	                           1    2	            1    2    3    4    5
  4    5    6    7    8    9   10	  3    4    5    6    7    8    9	  6    7    8    9   10   11   12
 11   12   13   14   15   16   17	 10   11   12   13   14   15   16	 13   14   15   16   17   18   19
 18   19   20   21   22   23   24	 17   18   19   20   21   22   23	 20   21   22   23   24   25   26
 25   26   27   28   29   30   31	 24   25   26   27   28   29   30	 27   28   29   30               
                                 	 31                              	                                 
               FEB               	               JUN               	               OCT               
Sun  Mon  Tue  Wed  Thu  Fri  Sat	Sun  Mon  Tue  Wed  Thu  Fri  Sat	Sun  Mon  Tue  Wed  Thu  Fri  Sat
  1    2    3    4    5    6    7	       1    2    3    4    5    6	                      1    2    3
  8    9   10   11   12   13   14	  7    8    9   10   11   12   13	  4    5    6    7    8    9   10
 15   16   17   18   19   20   21	 14   15   16   17   18   19   20	 11   12   13   14   15   16   17
 22   23   24   25   26   27   28	 21   22   23   24   25   26   27	 18   19   20   21   22   23   24
                                 	 28   29   30                    	 25   26   27   28   29   30   31
                                 	                                 	                                 
               MAR               	               JUL               	               NOV               
Sun  Mon  Tue  Wed  Thu  Fri  Sat	Sun  Mon  Tue  Wed  Thu  Fri  Sat	Sun  Mon  Tue  Wed  Thu  Fri  Sat
  1    2    3    4    5    6    7	                 1    2    3    4	  1    2    3    4    5    6    7
  8    9   10   11   12   13   14	  5    6    7    8    9   10   11	  8    9   10   11   12   13   14
 15   16   17   18   19   20   21	 12   13   14   15   16   17   18	 15   16   17   18   19   20   21
 22   23   24   25   26   27   28	 19   20   21   22   23   24   25	 22   23   24   25   26   27   28
 29   30   31                    	 26   27   28   29   30   31     	 29   30                         
                                 	                                 	                                 
               APR               	               AUG               	               DEC               
Sun  Mon  Tue  Wed  Thu  Fri  Sat	Sun  Mon  Tue  Wed  Thu  Fri  Sat	Sun  Mon  Tue  Wed  Thu  Fri  Sat
                 1    2    3    4	                                1	            1    2    3    4    5
  5    6    7    8    9   10   11	  2    3    4    5    6    7    8	  6    7    8    9   10   11   12
 12   13   14   15   16   17   18	  9   10   11   12   13   14   15	 13   14   15   16   17   18   19
 19   20   21   22   23   24   25	 16   17   18   19   20   21   22	 20   21   22   23   24   25   26
 26   27   28   29   30          	 23   24   25   26   27   28   29	 27   28   29   30   31          
                                 	 30   31                         	                                 
