							2013							
               JAN               	               MAY               	               SEP               
Sun  Mon  Tue  Wed  Thu  Fri  Sat	Sun  Mon  Tue  Wed  Thu  Fri  Sat	Sun  Mon  Tue  Wed  Thu  Fri  Sat
            1    2    3    4    5	                 1    2    3    4	  1    2    3    4    5    6    7
  6    7    8    9   10   11   12	  5    6    7    8    9   10   11	  8    9   10   11   12   13   14
 13   14   15   16   17   18   19	 12   13   14   15   16   17   18	 15   16   17   18   19   20   21
 20   21   22   23   24   25   26	 19   20   21   22   23   24   25	 22   23   24   25   26   27   28
 27   28   29   30   31          	 26   27   28   29   30   31     	 29   30                         
                                 	                                 	                                 
               FEB               	               JUN               	               OCT               
Sun  Mon  Tue  Wed  Thu  Fri  Sat	Sun  Mon  Tue  Wed  Thu  Fri  Sat	Sun  Mon  Tue  Wed  Thu  Fri  Sat
                           1    2	                                1	            1    2    3    4    5
  3    4    5    6    7    8    9	  2    3    4    5    6    7    8	  6    7    8    9   10   11   12
 10   11   12   13   14   15   16	  9   10   11   12   13   14   15	 13   14   15   16   17   18   19
 17   18   19   20   21   22   23	 16   17   18   19   20   21   22	 20   21   22   23   24   25   26
 24   25   26   27   28          	 23   24   25   26   27   28   29	 27   28   29   30   31          
                                 	 30                              	                                 
               MAR               	               JUL               	               NOV               
Sun  Mon  Tue  Wed  Thu  Fri  Sat	Sun  Mon  Tue  Wed  Thu  Fri  Sat	Sun  Mon  Tue  Wed  Thu  Fri  Sat
                           1    2	       1    2    3    4    5    6	                           1    2
  3    4    5    6    7    8    9	  7    8    9   10   11   12   13	  3    4    5    6    7    8    9
 10   11   12   13   14   15   16	 14   15   16   17   18   19   20	 10   11   12   13   14   15   16
 17   18   19   20   21   22   23	 21   22   23   24   25   26   27	 17   18   19   20   21   22   23
 24   25   26   27   28   29   30	 28   29   30   31               	 24   25   26   27   28   29   30
 31                              	                                 	                                 
               APR               	               AUG               	               DEC               
Sun  Mon  Tue  Wed  Thu  Fri  Sat	Sun  Mon  Tue  Wed  Thu  Fri  Sat	Sun  Mon  Tue  Wed  Thu  Fri  Sat
       1    2    3    4    5    6	                      1    2    3	  1    2    3    4    5    6    7
  7    8    9   10   11   12   13	  4    5    6    7    8    9   10	  8    9   10   11   12   13   14
 14   15   16   17   18   19   20	 11   12   13   14   15   16   17	 15   16   17   18   19   20   21
 21   22   23   24   25   26   27	 18   19   20   21   22   23   24	 22   23   24   25   26   27   28
 28   29   30                    	 25   26   27   28   29   30   31	 29   30   31                    
                                 	                                 	                                 
