------------
|-----P[__]|
|------[__]|
|------[__]|
|------[__]|
|------>__]|

------------
|-----P[__]|
|------[__]|
|------[__]|
|------>__]|
|------[__]|

------------
|-----P[__]|
|------[__]|
|------>__]|
|------[__]|
|------[__]|

------------
|-----P[__]|
|------>__]|
|------[__]|
|------[__]|
|------[__]|

------------
|-----P>__]|
|------[__]|
|------[__]|
|------[__]|
|------[__]|

------------
|------>P_]|
|------[__]|
|------[__]|
|------[__]|
|------[__]|

------------
|------[__]|
|------>P_]|
|------[__]|
|------[__]|
|------[__]|

------------
|------[__]|
|------[__]|
|------>P_]|
|------[__]|
|------[__]|

------------
|------[__]|
|------[__]|
|------[__]|
|------>P_]|
|------[__]|

------------
|------[__]|
|------[__]|
|------[__]|
|-----P>__]|
|------[__]|

